#
# There is insufficient memory for the Java Runtime Environment to continue.
# Native memory allocation (mmap) failed to map 65536 bytes for Failed to commit metaspace.
# Possible reasons:
#   The system is out of physical RAM or swap space
#   The process is running with CompressedOops enabled, and the Java Heap may be blocking the growth of the native heap
# Possible solutions:
#   Reduce memory load on the system
#   Increase physical memory or swap space
#   Check if swap backing store is full
#   Decrease Java heap size (-Xmx/-Xms)
#   Decrease number of Java threads
#   Decrease Java thread stack sizes (-Xss)
#   Set larger code cache with -XX:ReservedCodeCacheSize=
#   JVM is running with Zero Based Compressed Oops mode in which the Java heap is
#     placed in the first 32GB address space. The Java Heap base address is the
#     maximum limit for the native heap growth. Please use -XX:HeapBaseMinAddress
#     to set the Java Heap base and to place the Java Heap above 32GB virtual address.
# This output file may be truncated or incomplete.
#
#  Out of Memory Error (virtualSpaceNode.cpp:110), pid=5732, tid=21368
#
# JRE version: Java(TM) SE Runtime Environment (17.0.7+8) (build 17.0.7+8-LTS-224)
# Java VM: Java HotSpot(TM) 64-Bit Server VM (17.0.7+8-LTS-224, mixed mode, sharing, tiered, compressed oops, compressed class ptrs, g1 gc, windows-amd64)
# No core dump will be written. Minidumps are not enabled by default on client versions of Windows
#

---------------  S U M M A R Y ------------

Command Line: org.jetbrains.kotlin.cli.jvm.K2JVMCompiler @D:\plugin\ZON-BATTLE2\build\20230913_17447870837426280795.compiler.options

Host: Intel(R) Core(TM) i7-8700 CPU @ 3.20GHz, 12 cores, 15G,  Windows 11 , 64 bit Build 22621 (10.0.22621.2070)
Time: Wed Sep 13 21:23:45 2023  Windows 11 , 64 bit Build 22621 (10.0.22621.2070) elapsed time: 0.136278 seconds (0d 0h 0m 0s)

---------------  T H R E A D  ---------------

Current thread (0x0000026a3461c4a0):  JavaThread "main" [_thread_in_vm, id=21368, stack(0x000000f770700000,0x000000f770800000)]

Stack: [0x000000f770700000,0x000000f770800000]
Native frames: (J=compiled Java code, j=interpreted, Vv=VM code, C=native code)
V  [jvm.dll+0x676a4a]
V  [jvm.dll+0x7d74f4]
V  [jvm.dll+0x7d8c9e]
V  [jvm.dll+0x7d9303]
V  [jvm.dll+0x2452c5]
V  [jvm.dll+0x7d35fb]
V  [jvm.dll+0x61ca36]
V  [jvm.dll+0x1bfbf7]
V  [jvm.dll+0x61f390]
V  [jvm.dll+0x61d3f6]
V  [jvm.dll+0x239a0f]
V  [jvm.dll+0x6270b5]
V  [jvm.dll+0x1e96ad]
V  [jvm.dll+0x1e9c75]
V  [jvm.dll+0x1ea5bb]
V  [jvm.dll+0x1dfdc1]
V  [jvm.dll+0x53cf0c]
V  [jvm.dll+0x752158]
V  [jvm.dll+0x752244]
V  [jvm.dll+0x40b12f]
V  [jvm.dll+0x411149]
C  [java.dll+0x17ec]

Java frames: (J=compiled Java code, j=interpreted, Vv=VM code)
j  java.lang.ClassLoader.defineClass1(Ljava/lang/ClassLoader;Ljava/lang/String;[BIILjava/security/ProtectionDomain;Ljava/lang/String;)Ljava/lang/Class;+0 java.base@17.0.7
j  java.lang.ClassLoader.defineClass(Ljava/lang/String;[BIILjava/security/ProtectionDomain;)Ljava/lang/Class;+27 java.base@17.0.7
j  java.security.SecureClassLoader.defineClass(Ljava/lang/String;[BIILjava/security/CodeSource;)Ljava/lang/Class;+12 java.base@17.0.7
j  jdk.internal.loader.BuiltinClassLoader.defineClass(Ljava/lang/String;Ljdk/internal/loader/Resource;)Ljava/lang/Class;+117 java.base@17.0.7
j  jdk.internal.loader.BuiltinClassLoader.findClassOnClassPathOrNull(Ljava/lang/String;)Ljava/lang/Class;+37 java.base@17.0.7
J 202 c1 jdk.internal.loader.BuiltinClassLoader.loadClassOrNull(Ljava/lang/String;Z)Ljava/lang/Class; java.base@17.0.7 (143 bytes) @ 0x0000026a3bee3c54 [0x0000026a3bee2d40+0x0000000000000f14]
j  jdk.internal.loader.BuiltinClassLoader.loadClass(Ljava/lang/String;Z)Ljava/lang/Class;+3 java.base@17.0.7
j  jdk.internal.loader.ClassLoaders$AppClassLoader.loadClass(Ljava/lang/String;Z)Ljava/lang/Class;+36 java.base@17.0.7
j  java.lang.ClassLoader.loadClass(Ljava/lang/String;)Ljava/lang/Class;+3 java.base@17.0.7
v  ~StubRoutines::call_stub
j  kotlin.reflect.jvm.internal.KProperty1Impl.<init>(Lkotlin/reflect/jvm/internal/KDeclarationContainerImpl;Ljava/lang/String;Ljava/lang/String;Ljava/lang/Object;)V+71
j  kotlin.reflect.jvm.internal.KMutableProperty1Impl.<init>(Lkotlin/reflect/jvm/internal/KDeclarationContainerImpl;Ljava/lang/String;Ljava/lang/String;Ljava/lang/Object;)V+24
j  kotlin.reflect.jvm.internal.ReflectionFactoryImpl.mutableProperty1(Lkotlin/jvm/internal/MutablePropertyReference1;)Lkotlin/reflect/KMutableProperty1;+20
j  kotlin.jvm.internal.Reflection.mutableProperty1(Lkotlin/jvm/internal/MutablePropertyReference1;)Lkotlin/reflect/KMutableProperty1;+4
j  org.jetbrains.kotlin.cli.common.arguments.CommonToolArguments.<clinit>()V+30
v  ~StubRoutines::call_stub
j  org.jetbrains.kotlin.cli.jvm.K2JVMCompiler.createArguments()Lorg/jetbrains/kotlin/cli/common/arguments/K2JVMCompilerArguments;+0
j  org.jetbrains.kotlin.cli.jvm.K2JVMCompiler.createArguments()Lorg/jetbrains/kotlin/cli/common/arguments/CommonToolArguments;+1
j  org.jetbrains.kotlin.cli.common.CLITool.exec(Ljava/io/PrintStream;Lorg/jetbrains/kotlin/config/Services;Lorg/jetbrains/kotlin/cli/common/messages/MessageRenderer;[Ljava/lang/String;)Lorg/jetbrains/kotlin/cli/common/ExitCode;+26
j  org.jetbrains.kotlin.cli.common.CLITool.exec(Ljava/io/PrintStream;Lorg/jetbrains/kotlin/cli/common/messages/MessageRenderer;[Ljava/lang/String;)Lorg/jetbrains/kotlin/cli/common/ExitCode;+25
j  org.jetbrains.kotlin.cli.common.CLITool$Companion.doMainNoExit(Lorg/jetbrains/kotlin/cli/common/CLITool;[Ljava/lang/String;Lorg/jetbrains/kotlin/cli/common/messages/MessageRenderer;)Lorg/jetbrains/kotlin/cli/common/ExitCode;+39
j  org.jetbrains.kotlin.cli.common.CLITool$Companion.doMainNoExit$default(Lorg/jetbrains/kotlin/cli/common/CLITool$Companion;Lorg/jetbrains/kotlin/cli/common/CLITool;[Ljava/lang/String;Lorg/jetbrains/kotlin/cli/common/messages/MessageRenderer;ILjava/lang/Object;)Lorg/jetbrains/kotlin/cli/common/ExitCode;+16
j  org.jetbrains.kotlin.cli.common.CLITool$Companion.doMain(Lorg/jetbrains/kotlin/cli/common/CLITool;[Ljava/lang/String;)V+57
j  org.jetbrains.kotlin.cli.jvm.K2JVMCompiler$Companion.main([Ljava/lang/String;)V+20
j  org.jetbrains.kotlin.cli.jvm.K2JVMCompiler.main([Ljava/lang/String;)V+4
v  ~StubRoutines::call_stub

---------------  P R O C E S S  ---------------

Threads class SMR info:
_java_thread_list=0x0000026a581f1b90, length=13, elements={
0x0000026a3461c4a0, 0x0000026a577f57a0, 0x0000026a577f6260, 0x0000026a580b51e0,
0x0000026a580b5ca0, 0x0000026a580b8570, 0x0000026a580b8e30, 0x0000026a580b9ad0,
0x0000026a580ba480, 0x0000026a580c33a0, 0x0000026a581eea10, 0x0000026a581f50b0,
0x0000026a582216d0
}

Java Threads: ( => current thread )
=>0x0000026a3461c4a0 JavaThread "main" [_thread_in_vm, id=21368, stack(0x000000f770700000,0x000000f770800000)]
  0x0000026a577f57a0 JavaThread "Reference Handler" daemon [_thread_blocked, id=20956, stack(0x000000f770e00000,0x000000f770f00000)]
  0x0000026a577f6260 JavaThread "Finalizer" daemon [_thread_blocked, id=17312, stack(0x000000f770f00000,0x000000f771000000)]
  0x0000026a580b51e0 JavaThread "Signal Dispatcher" daemon [_thread_blocked, id=23968, stack(0x000000f771000000,0x000000f771100000)]
  0x0000026a580b5ca0 JavaThread "Attach Listener" daemon [_thread_blocked, id=24284, stack(0x000000f771100000,0x000000f771200000)]
  0x0000026a580b8570 JavaThread "Service Thread" daemon [_thread_blocked, id=21212, stack(0x000000f771200000,0x000000f771300000)]
  0x0000026a580b8e30 JavaThread "Monitor Deflation Thread" daemon [_thread_blocked, id=24096, stack(0x000000f771300000,0x000000f771400000)]
  0x0000026a580b9ad0 JavaThread "C2 CompilerThread0" daemon [_thread_blocked, id=14948, stack(0x000000f771400000,0x000000f771500000)]
  0x0000026a580ba480 JavaThread "C1 CompilerThread0" daemon [_thread_blocked, id=15920, stack(0x000000f771500000,0x000000f771600000)]
  0x0000026a580c33a0 JavaThread "Sweeper thread" daemon [_thread_blocked, id=20188, stack(0x000000f771600000,0x000000f771700000)]
  0x0000026a581eea10 JavaThread "Notification Thread" daemon [_thread_blocked, id=16624, stack(0x000000f771700000,0x000000f771800000)]
  0x0000026a581f50b0 JavaThread "Common-Cleaner" daemon [_thread_blocked, id=22240, stack(0x000000f771900000,0x000000f771a00000)]
  0x0000026a582216d0 JavaThread "C2 CompilerThread1" daemon [_thread_blocked, id=14376, stack(0x000000f771a00000,0x000000f771b00000)]

Other Threads:
  0x0000026a577f1e00 VMThread "VM Thread" [stack: 0x000000f770d00000,0x000000f770e00000] [id=23340]
  0x0000026a346e4070 WatcherThread [stack: 0x000000f771800000,0x000000f771900000] [id=1204]
  0x0000026a3468ae00 GCTaskThread "GC Thread#0" [stack: 0x000000f770800000,0x000000f770900000] [id=17588]
  0x0000026a3469bb10 ConcurrentGCThread "G1 Main Marker" [stack: 0x000000f770900000,0x000000f770a00000] [id=20972]
  0x0000026a3469c590 ConcurrentGCThread "G1 Conc#0" [stack: 0x000000f770a00000,0x000000f770b00000] [id=21184]
  0x0000026a576aec50 ConcurrentGCThread "G1 Refine#0" [stack: 0x000000f770b00000,0x000000f770c00000] [id=13036]
  0x0000026a576af420 ConcurrentGCThread "G1 Service" [stack: 0x000000f770c00000,0x000000f770d00000] [id=19696]

Threads with active compile tasks:

VM state: not at safepoint (normal execution)

VM Mutex/Monitor currently owned by a thread:  ([mutex/lock_event])
[0x0000026a34616b00] Metaspace_lock - owner thread: 0x0000026a3461c4a0

Heap address: 0x0000000701400000, size: 4076 MB, Compressed Oops mode: Zero based, Oop shift amount: 3

CDS archive(s) mapped at: [0x0000000800000000-0x0000000800bd0000-0x0000000800bd0000), size 12386304, SharedBaseAddress: 0x0000000800000000, ArchiveRelocationMode: 0.
Compressed class space mapped at: 0x0000000800c00000-0x0000000840c00000, reserved size: 1073741824
Narrow klass base: 0x0000000800000000, Narrow klass shift: 0, Narrow klass range: 0x100000000

GC Precious Log:
 CPUs: 12 total, 12 available
 Memory: 16303M
 Large Page Support: Disabled
 NUMA Support: Disabled
 Compressed Oops: Enabled (Zero based)
 Heap Region Size: 2M
 Heap Min Capacity: 8M
 Heap Initial Capacity: 256M
 Heap Max Capacity: 4076M
 Pre-touch: Disabled
 Parallel Workers: 10
 Concurrent Workers: 3
 Concurrent Refinement Workers: 10
 Periodic GC: Disabled

Heap:
 garbage-first heap   total 262144K, used 6144K [0x0000000701400000, 0x0000000800000000)
  region size 2048K, 3 young (6144K), 0 survivors (0K)
 Metaspace       used 1289K, committed 1408K, reserved 1056768K
  class space    used 111K, committed 192K, reserved 1048576K

Heap Regions: E=young(eden), S=young(survivor), O=old, HS=humongous(starts), HC=humongous(continues), CS=collection set, F=free, OA=open archive, CA=closed archive, TAMS=top-at-mark-start (previous, next)
|   0|0x0000000701400000, 0x0000000701600000, 0x0000000701600000|100%|HS|  |TAMS 0x0000000701400000, 0x0000000701400000| Complete 
|   1|0x0000000701600000, 0x0000000701800000, 0x0000000701800000|100%|HC|  |TAMS 0x0000000701600000, 0x0000000701600000| Complete 
|   2|0x0000000701800000, 0x0000000701800000, 0x0000000701a00000|  0%| F|  |TAMS 0x0000000701800000, 0x0000000701800000| Untracked 
|   3|0x0000000701a00000, 0x0000000701a00000, 0x0000000701c00000|  0%| F|  |TAMS 0x0000000701a00000, 0x0000000701a00000| Untracked 
|   4|0x0000000701c00000, 0x0000000701c00000, 0x0000000701e00000|  0%| F|  |TAMS 0x0000000701c00000, 0x0000000701c00000| Untracked 
|   5|0x0000000701e00000, 0x0000000701e00000, 0x0000000702000000|  0%| F|  |TAMS 0x0000000701e00000, 0x0000000701e00000| Untracked 
|   6|0x0000000702000000, 0x0000000702000000, 0x0000000702200000|  0%| F|  |TAMS 0x0000000702000000, 0x0000000702000000| Untracked 
|   7|0x0000000702200000, 0x0000000702200000, 0x0000000702400000|  0%| F|  |TAMS 0x0000000702200000, 0x0000000702200000| Untracked 
|   8|0x0000000702400000, 0x0000000702400000, 0x0000000702600000|  0%| F|  |TAMS 0x0000000702400000, 0x0000000702400000| Untracked 
|   9|0x0000000702600000, 0x0000000702600000, 0x0000000702800000|  0%| F|  |TAMS 0x0000000702600000, 0x0000000702600000| Untracked 
|  10|0x0000000702800000, 0x0000000702800000, 0x0000000702a00000|  0%| F|  |TAMS 0x0000000702800000, 0x0000000702800000| Untracked 
|  11|0x0000000702a00000, 0x0000000702a00000, 0x0000000702c00000|  0%| F|  |TAMS 0x0000000702a00000, 0x0000000702a00000| Untracked 
|  12|0x0000000702c00000, 0x0000000702c00000, 0x0000000702e00000|  0%| F|  |TAMS 0x0000000702c00000, 0x0000000702c00000| Untracked 
|  13|0x0000000702e00000, 0x0000000702e00000, 0x0000000703000000|  0%| F|  |TAMS 0x0000000702e00000, 0x0000000702e00000| Untracked 
|  14|0x0000000703000000, 0x0000000703000000, 0x0000000703200000|  0%| F|  |TAMS 0x0000000703000000, 0x0000000703000000| Untracked 
|  15|0x0000000703200000, 0x0000000703200000, 0x0000000703400000|  0%| F|  |TAMS 0x0000000703200000, 0x0000000703200000| Untracked 
|  16|0x0000000703400000, 0x0000000703400000, 0x0000000703600000|  0%| F|  |TAMS 0x0000000703400000, 0x0000000703400000| Untracked 
|  17|0x0000000703600000, 0x0000000703600000, 0x0000000703800000|  0%| F|  |TAMS 0x0000000703600000, 0x0000000703600000| Untracked 
|  18|0x0000000703800000, 0x0000000703800000, 0x0000000703a00000|  0%| F|  |TAMS 0x0000000703800000, 0x0000000703800000| Untracked 
|  19|0x0000000703a00000, 0x0000000703a00000, 0x0000000703c00000|  0%| F|  |TAMS 0x0000000703a00000, 0x0000000703a00000| Untracked 
|  20|0x0000000703c00000, 0x0000000703c00000, 0x0000000703e00000|  0%| F|  |TAMS 0x0000000703c00000, 0x0000000703c00000| Untracked 
|  21|0x0000000703e00000, 0x0000000703e00000, 0x0000000704000000|  0%| F|  |TAMS 0x0000000703e00000, 0x0000000703e00000| Untracked 
|  22|0x0000000704000000, 0x0000000704000000, 0x0000000704200000|  0%| F|  |TAMS 0x0000000704000000, 0x0000000704000000| Untracked 
|  23|0x0000000704200000, 0x0000000704200000, 0x0000000704400000|  0%| F|  |TAMS 0x0000000704200000, 0x0000000704200000| Untracked 
|  24|0x0000000704400000, 0x0000000704400000, 0x0000000704600000|  0%| F|  |TAMS 0x0000000704400000, 0x0000000704400000| Untracked 
|  25|0x0000000704600000, 0x0000000704600000, 0x0000000704800000|  0%| F|  |TAMS 0x0000000704600000, 0x0000000704600000| Untracked 
|  26|0x0000000704800000, 0x0000000704800000, 0x0000000704a00000|  0%| F|  |TAMS 0x0000000704800000, 0x0000000704800000| Untracked 
|  27|0x0000000704a00000, 0x0000000704a00000, 0x0000000704c00000|  0%| F|  |TAMS 0x0000000704a00000, 0x0000000704a00000| Untracked 
|  28|0x0000000704c00000, 0x0000000704c00000, 0x0000000704e00000|  0%| F|  |TAMS 0x0000000704c00000, 0x0000000704c00000| Untracked 
|  29|0x0000000704e00000, 0x0000000704e00000, 0x0000000705000000|  0%| F|  |TAMS 0x0000000704e00000, 0x0000000704e00000| Untracked 
|  30|0x0000000705000000, 0x0000000705000000, 0x0000000705200000|  0%| F|  |TAMS 0x0000000705000000, 0x0000000705000000| Untracked 
|  31|0x0000000705200000, 0x0000000705200000, 0x0000000705400000|  0%| F|  |TAMS 0x0000000705200000, 0x0000000705200000| Untracked 
|  32|0x0000000705400000, 0x0000000705400000, 0x0000000705600000|  0%| F|  |TAMS 0x0000000705400000, 0x0000000705400000| Untracked 
|  33|0x0000000705600000, 0x0000000705600000, 0x0000000705800000|  0%| F|  |TAMS 0x0000000705600000, 0x0000000705600000| Untracked 
|  34|0x0000000705800000, 0x0000000705800000, 0x0000000705a00000|  0%| F|  |TAMS 0x0000000705800000, 0x0000000705800000| Untracked 
|  35|0x0000000705a00000, 0x0000000705a00000, 0x0000000705c00000|  0%| F|  |TAMS 0x0000000705a00000, 0x0000000705a00000| Untracked 
|  36|0x0000000705c00000, 0x0000000705c00000, 0x0000000705e00000|  0%| F|  |TAMS 0x0000000705c00000, 0x0000000705c00000| Untracked 
|  37|0x0000000705e00000, 0x0000000705e00000, 0x0000000706000000|  0%| F|  |TAMS 0x0000000705e00000, 0x0000000705e00000| Untracked 
|  38|0x0000000706000000, 0x0000000706000000, 0x0000000706200000|  0%| F|  |TAMS 0x0000000706000000, 0x0000000706000000| Untracked 
|  39|0x0000000706200000, 0x0000000706200000, 0x0000000706400000|  0%| F|  |TAMS 0x0000000706200000, 0x0000000706200000| Untracked 
|  40|0x0000000706400000, 0x0000000706400000, 0x0000000706600000|  0%| F|  |TAMS 0x0000000706400000, 0x0000000706400000| Untracked 
|  41|0x0000000706600000, 0x0000000706600000, 0x0000000706800000|  0%| F|  |TAMS 0x0000000706600000, 0x0000000706600000| Untracked 
|  42|0x0000000706800000, 0x0000000706800000, 0x0000000706a00000|  0%| F|  |TAMS 0x0000000706800000, 0x0000000706800000| Untracked 
|  43|0x0000000706a00000, 0x0000000706a00000, 0x0000000706c00000|  0%| F|  |TAMS 0x0000000706a00000, 0x0000000706a00000| Untracked 
|  44|0x0000000706c00000, 0x0000000706c00000, 0x0000000706e00000|  0%| F|  |TAMS 0x0000000706c00000, 0x0000000706c00000| Untracked 
|  45|0x0000000706e00000, 0x0000000706e00000, 0x0000000707000000|  0%| F|  |TAMS 0x0000000706e00000, 0x0000000706e00000| Untracked 
|  46|0x0000000707000000, 0x0000000707000000, 0x0000000707200000|  0%| F|  |TAMS 0x0000000707000000, 0x0000000707000000| Untracked 
|  47|0x0000000707200000, 0x0000000707200000, 0x0000000707400000|  0%| F|  |TAMS 0x0000000707200000, 0x0000000707200000| Untracked 
|  48|0x0000000707400000, 0x0000000707400000, 0x0000000707600000|  0%| F|  |TAMS 0x0000000707400000, 0x0000000707400000| Untracked 
|  49|0x0000000707600000, 0x0000000707600000, 0x0000000707800000|  0%| F|  |TAMS 0x0000000707600000, 0x0000000707600000| Untracked 
|  50|0x0000000707800000, 0x0000000707800000, 0x0000000707a00000|  0%| F|  |TAMS 0x0000000707800000, 0x0000000707800000| Untracked 
|  51|0x0000000707a00000, 0x0000000707a00000, 0x0000000707c00000|  0%| F|  |TAMS 0x0000000707a00000, 0x0000000707a00000| Untracked 
|  52|0x0000000707c00000, 0x0000000707c00000, 0x0000000707e00000|  0%| F|  |TAMS 0x0000000707c00000, 0x0000000707c00000| Untracked 
|  53|0x0000000707e00000, 0x0000000707e00000, 0x0000000708000000|  0%| F|  |TAMS 0x0000000707e00000, 0x0000000707e00000| Untracked 
|  54|0x0000000708000000, 0x0000000708000000, 0x0000000708200000|  0%| F|  |TAMS 0x0000000708000000, 0x0000000708000000| Untracked 
|  55|0x0000000708200000, 0x0000000708200000, 0x0000000708400000|  0%| F|  |TAMS 0x0000000708200000, 0x0000000708200000| Untracked 
|  56|0x0000000708400000, 0x0000000708400000, 0x0000000708600000|  0%| F|  |TAMS 0x0000000708400000, 0x0000000708400000| Untracked 
|  57|0x0000000708600000, 0x0000000708600000, 0x0000000708800000|  0%| F|  |TAMS 0x0000000708600000, 0x0000000708600000| Untracked 
|  58|0x0000000708800000, 0x0000000708800000, 0x0000000708a00000|  0%| F|  |TAMS 0x0000000708800000, 0x0000000708800000| Untracked 
|  59|0x0000000708a00000, 0x0000000708a00000, 0x0000000708c00000|  0%| F|  |TAMS 0x0000000708a00000, 0x0000000708a00000| Untracked 
|  60|0x0000000708c00000, 0x0000000708c00000, 0x0000000708e00000|  0%| F|  |TAMS 0x0000000708c00000, 0x0000000708c00000| Untracked 
|  61|0x0000000708e00000, 0x0000000708e00000, 0x0000000709000000|  0%| F|  |TAMS 0x0000000708e00000, 0x0000000708e00000| Untracked 
|  62|0x0000000709000000, 0x0000000709000000, 0x0000000709200000|  0%| F|  |TAMS 0x0000000709000000, 0x0000000709000000| Untracked 
|  63|0x0000000709200000, 0x0000000709200000, 0x0000000709400000|  0%| F|  |TAMS 0x0000000709200000, 0x0000000709200000| Untracked 
|  64|0x0000000709400000, 0x0000000709400000, 0x0000000709600000|  0%| F|  |TAMS 0x0000000709400000, 0x0000000709400000| Untracked 
|  65|0x0000000709600000, 0x0000000709600000, 0x0000000709800000|  0%| F|  |TAMS 0x0000000709600000, 0x0000000709600000| Untracked 
|  66|0x0000000709800000, 0x0000000709800000, 0x0000000709a00000|  0%| F|  |TAMS 0x0000000709800000, 0x0000000709800000| Untracked 
|  67|0x0000000709a00000, 0x0000000709a00000, 0x0000000709c00000|  0%| F|  |TAMS 0x0000000709a00000, 0x0000000709a00000| Untracked 
|  68|0x0000000709c00000, 0x0000000709c00000, 0x0000000709e00000|  0%| F|  |TAMS 0x0000000709c00000, 0x0000000709c00000| Untracked 
|  69|0x0000000709e00000, 0x0000000709e00000, 0x000000070a000000|  0%| F|  |TAMS 0x0000000709e00000, 0x0000000709e00000| Untracked 
|  70|0x000000070a000000, 0x000000070a000000, 0x000000070a200000|  0%| F|  |TAMS 0x000000070a000000, 0x000000070a000000| Untracked 
|  71|0x000000070a200000, 0x000000070a200000, 0x000000070a400000|  0%| F|  |TAMS 0x000000070a200000, 0x000000070a200000| Untracked 
|  72|0x000000070a400000, 0x000000070a400000, 0x000000070a600000|  0%| F|  |TAMS 0x000000070a400000, 0x000000070a400000| Untracked 
|  73|0x000000070a600000, 0x000000070a600000, 0x000000070a800000|  0%| F|  |TAMS 0x000000070a600000, 0x000000070a600000| Untracked 
|  74|0x000000070a800000, 0x000000070a800000, 0x000000070aa00000|  0%| F|  |TAMS 0x000000070a800000, 0x000000070a800000| Untracked 
|  75|0x000000070aa00000, 0x000000070aa00000, 0x000000070ac00000|  0%| F|  |TAMS 0x000000070aa00000, 0x000000070aa00000| Untracked 
|  76|0x000000070ac00000, 0x000000070ac00000, 0x000000070ae00000|  0%| F|  |TAMS 0x000000070ac00000, 0x000000070ac00000| Untracked 
|  77|0x000000070ae00000, 0x000000070ae00000, 0x000000070b000000|  0%| F|  |TAMS 0x000000070ae00000, 0x000000070ae00000| Untracked 
|  78|0x000000070b000000, 0x000000070b000000, 0x000000070b200000|  0%| F|  |TAMS 0x000000070b000000, 0x000000070b000000| Untracked 
|  79|0x000000070b200000, 0x000000070b200000, 0x000000070b400000|  0%| F|  |TAMS 0x000000070b200000, 0x000000070b200000| Untracked 
|  80|0x000000070b400000, 0x000000070b400000, 0x000000070b600000|  0%| F|  |TAMS 0x000000070b400000, 0x000000070b400000| Untracked 
|  81|0x000000070b600000, 0x000000070b600000, 0x000000070b800000|  0%| F|  |TAMS 0x000000070b600000, 0x000000070b600000| Untracked 
|  82|0x000000070b800000, 0x000000070b800000, 0x000000070ba00000|  0%| F|  |TAMS 0x000000070b800000, 0x000000070b800000| Untracked 
|  83|0x000000070ba00000, 0x000000070ba00000, 0x000000070bc00000|  0%| F|  |TAMS 0x000000070ba00000, 0x000000070ba00000| Untracked 
|  84|0x000000070bc00000, 0x000000070bc00000, 0x000000070be00000|  0%| F|  |TAMS 0x000000070bc00000, 0x000000070bc00000| Untracked 
|  85|0x000000070be00000, 0x000000070be00000, 0x000000070c000000|  0%| F|  |TAMS 0x000000070be00000, 0x000000070be00000| Untracked 
|  86|0x000000070c000000, 0x000000070c000000, 0x000000070c200000|  0%| F|  |TAMS 0x000000070c000000, 0x000000070c000000| Untracked 
|  87|0x000000070c200000, 0x000000070c200000, 0x000000070c400000|  0%| F|  |TAMS 0x000000070c200000, 0x000000070c200000| Untracked 
|  88|0x000000070c400000, 0x000000070c400000, 0x000000070c600000|  0%| F|  |TAMS 0x000000070c400000, 0x000000070c400000| Untracked 
|  89|0x000000070c600000, 0x000000070c600000, 0x000000070c800000|  0%| F|  |TAMS 0x000000070c600000, 0x000000070c600000| Untracked 
|  90|0x000000070c800000, 0x000000070c800000, 0x000000070ca00000|  0%| F|  |TAMS 0x000000070c800000, 0x000000070c800000| Untracked 
|  91|0x000000070ca00000, 0x000000070ca00000, 0x000000070cc00000|  0%| F|  |TAMS 0x000000070ca00000, 0x000000070ca00000| Untracked 
|  92|0x000000070cc00000, 0x000000070cc00000, 0x000000070ce00000|  0%| F|  |TAMS 0x000000070cc00000, 0x000000070cc00000| Untracked 
|  93|0x000000070ce00000, 0x000000070ce00000, 0x000000070d000000|  0%| F|  |TAMS 0x000000070ce00000, 0x000000070ce00000| Untracked 
|  94|0x000000070d000000, 0x000000070d000000, 0x000000070d200000|  0%| F|  |TAMS 0x000000070d000000, 0x000000070d000000| Untracked 
|  95|0x000000070d200000, 0x000000070d200000, 0x000000070d400000|  0%| F|  |TAMS 0x000000070d200000, 0x000000070d200000| Untracked 
|  96|0x000000070d400000, 0x000000070d400000, 0x000000070d600000|  0%| F|  |TAMS 0x000000070d400000, 0x000000070d400000| Untracked 
|  97|0x000000070d600000, 0x000000070d600000, 0x000000070d800000|  0%| F|  |TAMS 0x000000070d600000, 0x000000070d600000| Untracked 
|  98|0x000000070d800000, 0x000000070d800000, 0x000000070da00000|  0%| F|  |TAMS 0x000000070d800000, 0x000000070d800000| Untracked 
|  99|0x000000070da00000, 0x000000070da00000, 0x000000070dc00000|  0%| F|  |TAMS 0x000000070da00000, 0x000000070da00000| Untracked 
| 100|0x000000070dc00000, 0x000000070dc00000, 0x000000070de00000|  0%| F|  |TAMS 0x000000070dc00000, 0x000000070dc00000| Untracked 
| 101|0x000000070de00000, 0x000000070de00000, 0x000000070e000000|  0%| F|  |TAMS 0x000000070de00000, 0x000000070de00000| Untracked 
| 102|0x000000070e000000, 0x000000070e000000, 0x000000070e200000|  0%| F|  |TAMS 0x000000070e000000, 0x000000070e000000| Untracked 
| 103|0x000000070e200000, 0x000000070e200000, 0x000000070e400000|  0%| F|  |TAMS 0x000000070e200000, 0x000000070e200000| Untracked 
| 104|0x000000070e400000, 0x000000070e400000, 0x000000070e600000|  0%| F|  |TAMS 0x000000070e400000, 0x000000070e400000| Untracked 
| 105|0x000000070e600000, 0x000000070e600000, 0x000000070e800000|  0%| F|  |TAMS 0x000000070e600000, 0x000000070e600000| Untracked 
| 106|0x000000070e800000, 0x000000070e800000, 0x000000070ea00000|  0%| F|  |TAMS 0x000000070e800000, 0x000000070e800000| Untracked 
| 107|0x000000070ea00000, 0x000000070ea00000, 0x000000070ec00000|  0%| F|  |TAMS 0x000000070ea00000, 0x000000070ea00000| Untracked 
| 108|0x000000070ec00000, 0x000000070ec00000, 0x000000070ee00000|  0%| F|  |TAMS 0x000000070ec00000, 0x000000070ec00000| Untracked 
| 109|0x000000070ee00000, 0x000000070ee00000, 0x000000070f000000|  0%| F|  |TAMS 0x000000070ee00000, 0x000000070ee00000| Untracked 
| 110|0x000000070f000000, 0x000000070f000000, 0x000000070f200000|  0%| F|  |TAMS 0x000000070f000000, 0x000000070f000000| Untracked 
| 111|0x000000070f200000, 0x000000070f200000, 0x000000070f400000|  0%| F|  |TAMS 0x000000070f200000, 0x000000070f200000| Untracked 
| 112|0x000000070f400000, 0x000000070f400000, 0x000000070f600000|  0%| F|  |TAMS 0x000000070f400000, 0x000000070f400000| Untracked 
| 113|0x000000070f600000, 0x000000070f600000, 0x000000070f800000|  0%| F|  |TAMS 0x000000070f600000, 0x000000070f600000| Untracked 
| 114|0x000000070f800000, 0x000000070f800000, 0x000000070fa00000|  0%| F|  |TAMS 0x000000070f800000, 0x000000070f800000| Untracked 
| 115|0x000000070fa00000, 0x000000070fa00000, 0x000000070fc00000|  0%| F|  |TAMS 0x000000070fa00000, 0x000000070fa00000| Untracked 
| 116|0x000000070fc00000, 0x000000070fc00000, 0x000000070fe00000|  0%| F|  |TAMS 0x000000070fc00000, 0x000000070fc00000| Untracked 
| 117|0x000000070fe00000, 0x000000070fe00000, 0x0000000710000000|  0%| F|  |TAMS 0x000000070fe00000, 0x000000070fe00000| Untracked 
| 118|0x0000000710000000, 0x0000000710000000, 0x0000000710200000|  0%| F|  |TAMS 0x0000000710000000, 0x0000000710000000| Untracked 
| 119|0x0000000710200000, 0x0000000710200000, 0x0000000710400000|  0%| F|  |TAMS 0x0000000710200000, 0x0000000710200000| Untracked 
| 120|0x0000000710400000, 0x0000000710400000, 0x0000000710600000|  0%| F|  |TAMS 0x0000000710400000, 0x0000000710400000| Untracked 
| 121|0x0000000710600000, 0x0000000710600000, 0x0000000710800000|  0%| F|  |TAMS 0x0000000710600000, 0x0000000710600000| Untracked 
| 122|0x0000000710800000, 0x0000000710800000, 0x0000000710a00000|  0%| F|  |TAMS 0x0000000710800000, 0x0000000710800000| Untracked 
| 123|0x0000000710a00000, 0x0000000710a00000, 0x0000000710c00000|  0%| F|  |TAMS 0x0000000710a00000, 0x0000000710a00000| Untracked 
| 124|0x0000000710c00000, 0x0000000710c00000, 0x0000000710e00000|  0%| F|  |TAMS 0x0000000710c00000, 0x0000000710c00000| Untracked 
| 125|0x0000000710e00000, 0x0000000710fa7b20, 0x0000000711000000| 82%| E|  |TAMS 0x0000000710e00000, 0x0000000710e00000| Complete 
| 126|0x0000000711000000, 0x0000000711200000, 0x0000000711200000|100%| E|CS|TAMS 0x0000000711000000, 0x0000000711000000| Complete 
| 127|0x0000000711200000, 0x0000000711400000, 0x0000000711400000|100%| E|  |TAMS 0x0000000711200000, 0x0000000711200000| Complete 

Card table byte_map: [0x0000026a4bc00000,0x0000026a4c400000] _byte_map_base: 0x0000026a483f6000

Marking Bits (Prev, Next): (CMBitMap*) 0x0000026a3468b320, (CMBitMap*) 0x0000026a3468b360
 Prev Bits: [0x0000026a4cc00000, 0x0000026a50bb0000)
 Next Bits: [0x0000026a50bb0000, 0x0000026a54b60000)

Polling page: 0x0000026a32370000

Metaspace:

Usage:
  Non-class:      1.15 MB used.
      Class:    111.09 KB used.
       Both:      1.26 MB used.

Virtual space:
  Non-class space:        8.00 MB reserved,       1.19 MB ( 15%) committed,  1 nodes.
      Class space:        1.00 GB reserved,     192.00 KB ( <1%) committed,  1 nodes.
             Both:        1.01 GB reserved,       1.38 MB ( <1%) committed. 

Chunk freelists:
   Non-Class:  3.17 MB
       Class:  3.66 MB
        Both:  6.83 MB

MaxMetaspaceSize: unlimited
CompressedClassSpaceSize: 1.00 GB
Initial GC threshold: 21.00 MB
Current GC threshold: 21.00 MB
CDS: on
MetaspaceReclaimPolicy: balanced
 - commit_granule_bytes: 65536.
 - commit_granule_words: 8192.
 - virtual_space_node_default_size: 1048576.
 - enlarge_chunks_in_place: 1.
 - new_chunks_are_fully_committed: 0.
 - uncommit_free_chunks: 1.
 - use_allocation_guard: 0.
 - handle_deallocations: 1.


Internal statistics:

num_allocs_failed_limit: 0.
num_arena_births: 6.
num_arena_deaths: 0.
num_vsnodes_births: 2.
num_vsnodes_deaths: 0.
num_space_committed: 22.
num_space_uncommitted: 0.
num_chunks_returned_to_freelist: 0.
num_chunks_taken_from_freelist: 47.
num_chunk_merges: 0.
num_chunk_splits: 34.
num_chunks_enlarged: 31.
num_purges: 0.
num_inconsistent_stats: 0.

CodeHeap 'non-profiled nmethods': size=120000Kb used=71Kb max_used=71Kb free=119928Kb
 bounds [0x0000026a43970000, 0x0000026a43be0000, 0x0000026a4aea0000]
CodeHeap 'profiled nmethods': size=120000Kb used=322Kb max_used=322Kb free=119677Kb
 bounds [0x0000026a3bea0000, 0x0000026a3c110000, 0x0000026a433d0000]
CodeHeap 'non-nmethods': size=5760Kb used=1105Kb max_used=1120Kb free=4654Kb
 bounds [0x0000026a433d0000, 0x0000026a43640000, 0x0000026a43970000]
 total_blobs=627 nmethods=247 adapters=293
 compilation: enabled
              stopped_count=0, restarted_count=0
 full_count=0

Compilation events (20 events):
Event: 0.122 Thread 0x0000026a580ba480  237       1       java.net.URL::getAuthority (5 bytes)
Event: 0.122 Thread 0x0000026a580ba480 nmethod 237 0x0000026a4397fd90 code [0x0000026a4397ff20, 0x0000026a4397fff8]
Event: 0.122 Thread 0x0000026a580ba480  238       1       java.net.URL::getPath (5 bytes)
Event: 0.122 Thread 0x0000026a580ba480 nmethod 238 0x0000026a43980090 code [0x0000026a43980220, 0x0000026a439802f8]
Event: 0.122 Thread 0x0000026a580ba480  239       1       java.net.URL::getQuery (5 bytes)
Event: 0.122 Thread 0x0000026a580ba480 nmethod 239 0x0000026a43980390 code [0x0000026a43980520, 0x0000026a439805f8]
Event: 0.122 Thread 0x0000026a580ba480  241       1       jdk.internal.loader.URLClassPath$Loader::getBaseURL (5 bytes)
Event: 0.122 Thread 0x0000026a580ba480 nmethod 241 0x0000026a43980690 code [0x0000026a43980820, 0x0000026a439808f8]
Event: 0.122 Thread 0x0000026a580ba480  242       1       java.util.jar.Manifest::getEntries (5 bytes)
Event: 0.122 Thread 0x0000026a580ba480 nmethod 242 0x0000026a43980990 code [0x0000026a43980b20, 0x0000026a43980bf8]
Event: 0.122 Thread 0x0000026a580ba480  243       1       java.util.jar.Manifest::getMainAttributes (5 bytes)
Event: 0.122 Thread 0x0000026a580ba480 nmethod 243 0x0000026a43980c90 code [0x0000026a43980e20, 0x0000026a43980ef8]
Event: 0.122 Thread 0x0000026a580ba480  244       1       java.util.zip.ZipEntry::getCrc (5 bytes)
Event: 0.122 Thread 0x0000026a580ba480 nmethod 244 0x0000026a43980f90 code [0x0000026a43981120, 0x0000026a439811f8]
Event: 0.122 Thread 0x0000026a580ba480  245       3       java.security.CodeSource::getCertificates (98 bytes)
Event: 0.122 Thread 0x0000026a580ba480 nmethod 245 0x0000026a3beef790 code [0x0000026a3beefa00, 0x0000026a3bef05d8]
Event: 0.123 Thread 0x0000026a580ba480  240       1       java.net.URL::getRef (5 bytes)
Event: 0.123 Thread 0x0000026a580ba480 nmethod 240 0x0000026a43981290 code [0x0000026a43981420, 0x0000026a439814f8]
Event: 0.126 Thread 0x0000026a580b9ad0  246 %     4       java.lang.StringLatin1::indexOfChar @ 7 (33 bytes)
Event: 0.126 Thread 0x0000026a582216d0  247       4       jdk.internal.misc.Unsafe::putReferenceRelease (9 bytes)

GC Heap History (0 events):
No events

Deoptimization events (20 events):
Event: 0.062 Thread 0x0000026a3461c4a0 DEOPT PACKING pc=0x0000026a3beb7f8c sp=0x000000f7707fdd20
Event: 0.062 Thread 0x0000026a3461c4a0 DEOPT UNPACKING pc=0x0000026a43422b43 sp=0x000000f7707fd1b0 mode 0
Event: 0.062 Thread 0x0000026a3461c4a0 DEOPT PACKING pc=0x0000026a3beb7f8c sp=0x000000f7707fdd20
Event: 0.062 Thread 0x0000026a3461c4a0 DEOPT UNPACKING pc=0x0000026a43422b43 sp=0x000000f7707fd1b0 mode 0
Event: 0.062 Thread 0x0000026a3461c4a0 DEOPT PACKING pc=0x0000026a3beb7f8c sp=0x000000f7707fdd20
Event: 0.062 Thread 0x0000026a3461c4a0 DEOPT UNPACKING pc=0x0000026a43422b43 sp=0x000000f7707fd1b0 mode 0
Event: 0.062 Thread 0x0000026a3461c4a0 DEOPT PACKING pc=0x0000026a3beb7f8c sp=0x000000f7707fdd20
Event: 0.062 Thread 0x0000026a3461c4a0 DEOPT UNPACKING pc=0x0000026a43422b43 sp=0x000000f7707fd1b0 mode 0
Event: 0.062 Thread 0x0000026a3461c4a0 DEOPT PACKING pc=0x0000026a3beb7f8c sp=0x000000f7707fdd20
Event: 0.062 Thread 0x0000026a3461c4a0 DEOPT UNPACKING pc=0x0000026a43422b43 sp=0x000000f7707fd1b0 mode 0
Event: 0.062 Thread 0x0000026a3461c4a0 DEOPT PACKING pc=0x0000026a3beb7f8c sp=0x000000f7707fdd20
Event: 0.062 Thread 0x0000026a3461c4a0 DEOPT UNPACKING pc=0x0000026a43422b43 sp=0x000000f7707fd1b0 mode 0
Event: 0.062 Thread 0x0000026a3461c4a0 DEOPT PACKING pc=0x0000026a3beb7f8c sp=0x000000f7707fdd20
Event: 0.062 Thread 0x0000026a3461c4a0 DEOPT UNPACKING pc=0x0000026a43422b43 sp=0x000000f7707fd1b0 mode 0
Event: 0.062 Thread 0x0000026a3461c4a0 DEOPT PACKING pc=0x0000026a3beb7f8c sp=0x000000f7707fdd20
Event: 0.062 Thread 0x0000026a3461c4a0 DEOPT UNPACKING pc=0x0000026a43422b43 sp=0x000000f7707fd1b0 mode 0
Event: 0.062 Thread 0x0000026a3461c4a0 DEOPT PACKING pc=0x0000026a3beb7f8c sp=0x000000f7707fdd20
Event: 0.062 Thread 0x0000026a3461c4a0 DEOPT UNPACKING pc=0x0000026a43422b43 sp=0x000000f7707fd1b0 mode 0
Event: 0.062 Thread 0x0000026a3461c4a0 DEOPT PACKING pc=0x0000026a3beb7f8c sp=0x000000f7707fdd20
Event: 0.062 Thread 0x0000026a3461c4a0 DEOPT UNPACKING pc=0x0000026a43422b43 sp=0x000000f7707fd1b0 mode 0

Classes unloaded (0 events):
No events

Classes redefined (0 events):
No events

Internal exceptions (0 events):
No events

VM Operations (2 events):
Event: 0.065 Executing VM operation: HandshakeAllThreads
Event: 0.065 Executing VM operation: HandshakeAllThreads done

Events (20 events):
Event: 0.081 loading class java/lang/IllegalStateException
Event: 0.081 loading class java/lang/IllegalStateException done
Event: 0.081 loading class java/lang/UnsupportedOperationException
Event: 0.081 loading class java/lang/UnsupportedOperationException done
Event: 0.082 loading class java/lang/AssertionError
Event: 0.082 loading class java/lang/AssertionError done
Event: 0.098 loading class java/lang/UnsatisfiedLinkError
Event: 0.098 loading class java/lang/UnsatisfiedLinkError done
Event: 0.106 loading class java/lang/NumberFormatException
Event: 0.106 loading class java/lang/NumberFormatException done
Event: 0.111 loading class java/lang/InstantiationException
Event: 0.112 loading class java/lang/InstantiationException done
Event: 0.112 loading class java/lang/IllegalAccessException
Event: 0.112 loading class java/lang/IllegalAccessException done
Event: 0.118 loading class java/util/NoSuchElementException
Event: 0.118 loading class java/util/NoSuchElementException done
Event: 0.118 loading class java/lang/IndexOutOfBoundsException
Event: 0.118 loading class java/lang/IndexOutOfBoundsException done
Event: 0.121 loading class java/util/regex/Pattern$BnM
Event: 0.121 loading class java/util/regex/Pattern$BnM done


Dynamic libraries:
0x00007ff67dad0000 - 0x00007ff67dae0000 	C:\Program Files\Java\jdk-17\bin\java.exe
0x00007ff9f6850000 - 0x00007ff9f6a64000 	C:\WINDOWS\SYSTEM32\ntdll.dll
0x00007ff9f6470000 - 0x00007ff9f6534000 	C:\WINDOWS\System32\KERNEL32.DLL
0x00007ff9f3fa0000 - 0x00007ff9f4344000 	C:\WINDOWS\System32\KERNELBASE.dll
0x00007ff9f4470000 - 0x00007ff9f4581000 	C:\WINDOWS\System32\ucrtbase.dll
0x00007ff9d07d0000 - 0x00007ff9d07eb000 	C:\Program Files\Java\jdk-17\bin\VCRUNTIME140.dll
0x00007ff9d0ba0000 - 0x00007ff9d0bb9000 	C:\Program Files\Java\jdk-17\bin\jli.dll
0x00007ff9f5d40000 - 0x00007ff9f5df0000 	C:\WINDOWS\System32\ADVAPI32.dll
0x00007ff9f4ad0000 - 0x00007ff9f4b77000 	C:\WINDOWS\System32\msvcrt.dll
0x00007ff9f4c00000 - 0x00007ff9f4ca6000 	C:\WINDOWS\System32\sechost.dll
0x00007ff9f6310000 - 0x00007ff9f6427000 	C:\WINDOWS\System32\RPCRT4.dll
0x00007ff9f4d90000 - 0x00007ff9f4f3a000 	C:\WINDOWS\System32\USER32.dll
0x00007ff9f3f70000 - 0x00007ff9f3f96000 	C:\WINDOWS\System32\win32u.dll
0x00007ff9e10f0000 - 0x00007ff9e137f000 	C:\WINDOWS\WinSxS\amd64_microsoft.windows.common-controls_6595b64144ccf1df_6.0.22621.2070_none_2713e6537381f706\COMCTL32.dll
0x00007ff9f6620000 - 0x00007ff9f6649000 	C:\WINDOWS\System32\GDI32.dll
0x00007ff9f4350000 - 0x00007ff9f4469000 	C:\WINDOWS\System32\gdi32full.dll
0x00007ff9f3ed0000 - 0x00007ff9f3f6a000 	C:\WINDOWS\System32\msvcp_win.dll
0x00007ff9ee6a0000 - 0x00007ff9ee6aa000 	C:\WINDOWS\SYSTEM32\VERSION.dll
0x00007ff9f6430000 - 0x00007ff9f6461000 	C:\WINDOWS\System32\IMM32.DLL
0x00007ff9d0ce0000 - 0x00007ff9d0cec000 	C:\Program Files\Java\jdk-17\bin\vcruntime140_1.dll
0x00007ff9d05d0000 - 0x00007ff9d065e000 	C:\Program Files\Java\jdk-17\bin\msvcp140.dll
0x00007ff96e010000 - 0x00007ff96ebed000 	C:\Program Files\Java\jdk-17\bin\server\jvm.dll
0x00007ff9f6800000 - 0x00007ff9f6808000 	C:\WINDOWS\System32\PSAPI.DLL
0x00007ff9e4380000 - 0x00007ff9e4389000 	C:\WINDOWS\SYSTEM32\WSOCK32.dll
0x00007ff9e6c90000 - 0x00007ff9e6cc4000 	C:\WINDOWS\SYSTEM32\WINMM.dll
0x00007ff9f4b80000 - 0x00007ff9f4bf1000 	C:\WINDOWS\System32\WS2_32.dll
0x00007ff9f2c70000 - 0x00007ff9f2c88000 	C:\WINDOWS\SYSTEM32\kernel.appcore.dll
0x00007ff9d05c0000 - 0x00007ff9d05ca000 	C:\Program Files\Java\jdk-17\bin\jimage.dll
0x00007ff9edc60000 - 0x00007ff9ede8e000 	C:\WINDOWS\SYSTEM32\DBGHELP.DLL
0x00007ff9f4610000 - 0x00007ff9f499a000 	C:\WINDOWS\System32\combase.dll
0x00007ff9f6540000 - 0x00007ff9f6617000 	C:\WINDOWS\System32\OLEAUT32.dll
0x00007ff9ed840000 - 0x00007ff9ed872000 	C:\WINDOWS\SYSTEM32\dbgcore.DLL
0x00007ff9f4590000 - 0x00007ff9f460a000 	C:\WINDOWS\System32\bcryptPrimitives.dll
0x00007ff9d0520000 - 0x00007ff9d0545000 	C:\Program Files\Java\jdk-17\bin\java.dll
0x00007ff9a12a0000 - 0x00007ff9a1377000 	C:\Program Files\Java\jdk-17\bin\jsvml.dll
0x00007ff9f5030000 - 0x00007ff9f5846000 	C:\WINDOWS\System32\SHELL32.dll
0x00007ff9f1c00000 - 0x00007ff9f24ea000 	C:\WINDOWS\SYSTEM32\windows.storage.dll
0x00007ff9f1ac0000 - 0x00007ff9f1bfe000 	C:\WINDOWS\SYSTEM32\wintypes.dll
0x00007ff9f6210000 - 0x00007ff9f6303000 	C:\WINDOWS\System32\SHCORE.dll
0x00007ff9f5850000 - 0x00007ff9f58ae000 	C:\WINDOWS\System32\shlwapi.dll
0x00007ff9f3b60000 - 0x00007ff9f3b86000 	C:\WINDOWS\SYSTEM32\profapi.dll
0x00007ff9d0490000 - 0x00007ff9d04a9000 	C:\Program Files\Java\jdk-17\bin\net.dll
0x00007ff9ee930000 - 0x00007ff9eea67000 	C:\WINDOWS\SYSTEM32\WINHTTP.dll
0x00007ff9f30e0000 - 0x00007ff9f3149000 	C:\WINDOWS\system32\mswsock.dll
0x00007ff9cc470000 - 0x00007ff9cc486000 	C:\Program Files\Java\jdk-17\bin\nio.dll
0x00007ff9cc450000 - 0x00007ff9cc468000 	C:\Program Files\Java\jdk-17\bin\zip.dll

dbghelp: loaded successfully - version: 4.0.5 - missing functions: none
symbol engine: initialized successfully - sym options: 0x614 - pdb path: .;C:\Program Files\Java\jdk-17\bin;C:\WINDOWS\SYSTEM32;C:\WINDOWS\WinSxS\amd64_microsoft.windows.common-controls_6595b64144ccf1df_6.0.22621.2070_none_2713e6537381f706;C:\Program Files\Java\jdk-17\bin\server

VM Arguments:
java_command: org.jetbrains.kotlin.cli.jvm.K2JVMCompiler @D:\plugin\ZON-BATTLE2\build\20230913_17447870837426280795.compiler.options
java_class_path (initial): C:\Users\kazum\.gradle\caches\modules-2\files-2.1\org.jetbrains.kotlin\kotlin-compiler-embeddable\1.6.10\88f2073f4020cdb83132cfe940ceb9a60aba54ea\kotlin-compiler-embeddable-1.6.10.jar;C:\Users\kazum\.gradle\caches\modules-2\files-2.1\org.jetbrains.kotlin\kotlin-reflect\1.6.10\1cbe9c92c12a94eea200d23c2bbaedaf3daf5132\kotlin-reflect-1.6.10.jar;C:\Users\kazum\.gradle\caches\modules-2\files-2.1\org.jetbrains.kotlin\kotlin-stdlib\1.6.10\b8af3fe6f1ca88526914929add63cf5e7c5049af\kotlin-stdlib-1.6.10.jar;C:\Users\kazum\.gradle\caches\modules-2\files-2.1\org.jetbrains.kotlin\kotlin-script-runtime\1.6.10\d0a7ff2e2500ef497ed0214ae40ad3c8387a6164\kotlin-script-runtime-1.6.10.jar;C:\Users\kazum\.gradle\caches\modules-2\files-2.1\org.jetbrains.kotlin\kotlin-daemon-embeddable\1.6.10\a56d79bcbea411fa6058e4ecffc2de73e742bd2a\kotlin-daemon-embeddable-1.6.10.jar;C:\Users\kazum\.gradle\caches\modules-2\files-2.1\org.jetbrains.intellij.deps\trove4j\1.0.20181211\216c2e14b070f334479d800987affe4054cd563f\trove4j-1.0.20181211.jar;C:\Users\kazum\.gradle\caches\modules-2\files-2.1\net.java.dev.jna\jna\5.6.0\330f2244e9030119ab3030fc3fededc86713d9cc\jna-5.6.0.jar;C:\Users\kazum\.gradle\caches\modules-2\files-2.1\org.jetbrains\annotations\13.0\919f0dfe192fb4e063e7dacadee7f8bb9a2672a9\annotations-13.0.jar;C:\Users\kazum\.gradle\caches\modules-2\files-2.1\org.jetbrains.kotlin\kotlin-stdlib-common\1.6.10\c118700e3a33c8a0d9adc920e9dec0831171925\kotlin-stdlib-common-1.6.10.jar
Launcher Type: SUN_STANDARD

[Global flags]
     intx CICompilerCount                          = 4                                         {product} {ergonomic}
     uint ConcGCThreads                            = 3                                         {product} {ergonomic}
     uint G1ConcRefinementThreads                  = 10                                        {product} {ergonomic}
   size_t G1HeapRegionSize                         = 2097152                                   {product} {ergonomic}
    uintx GCDrainStackTargetSize                   = 64                                        {product} {ergonomic}
   size_t InitialHeapSize                          = 268435456                                 {product} {ergonomic}
   size_t MarkStackSize                            = 4194304                                   {product} {ergonomic}
   size_t MaxHeapSize                              = 4273995776                                {product} {ergonomic}
   size_t MaxNewSize                               = 2562719744                                {product} {ergonomic}
   size_t MinHeapDeltaBytes                        = 2097152                                   {product} {ergonomic}
   size_t MinHeapSize                              = 8388608                                   {product} {ergonomic}
    uintx NonNMethodCodeHeapSize                   = 5839372                                {pd product} {ergonomic}
    uintx NonProfiledCodeHeapSize                  = 122909434                              {pd product} {ergonomic}
    uintx ProfiledCodeHeapSize                     = 122909434                              {pd product} {ergonomic}
    uintx ReservedCodeCacheSize                    = 251658240                              {pd product} {ergonomic}
     bool SegmentedCodeCache                       = true                                      {product} {ergonomic}
   size_t SoftMaxHeapSize                          = 4273995776                             {manageable} {ergonomic}
     bool UseCompressedClassPointers               = true                           {product lp64_product} {ergonomic}
     bool UseCompressedOops                        = true                           {product lp64_product} {ergonomic}
     bool UseG1GC                                  = true                                      {product} {ergonomic}
     bool UseLargePagesIndividualAllocation        = false                                  {pd product} {ergonomic}

Logging:
Log output configuration:
 #0: stdout all=warning uptime,level,tags
 #1: stderr all=off uptime,level,tags

Environment Variables:
PATH=C:\Program Files\Common Files\Oracle\Java\javapath;C:\Program Files (x86)\Windows Resource Kits\Tools\;C:\Program Files (x86)\Common Files\Oracle\Java\javapath;C:\Windows\system32;C:\Windows;C:\Windows\System32\Wbem;C:\Windows\System32\WindowsPowerShell\v1.0\;C:\Windows\System32\OpenSSH\;C:\WINDOWS\system32;C:\WINDOWS;C:\WINDOWS\System32\Wbem;C:\WINDOWS\System32\WindowsPowerShell\v1.0\;C:\WINDOWS\System32\OpenSSH\;C:\Program Files\dotnet\;C:\Program Files\Microsoft SQL Server\130\Tools\Binn\;C:\Program Files (x86)\NVIDIA Corporation\PhysX\Common;C:\Program Files\NVIDIA Corporation\NVIDIA NvDLISR;C:\Program Files\Microsoft SQL Server\150\Tools\Binn\;C:\platform-tools;C:\WINDOWS\system32;C:\WINDOWS;C:\WINDOWS\System32\Wbem;C:\WINDOWS\System32\WindowsPowerShell\v1.0\;C:\WINDOWS\System32\OpenSSH\;C:\Program Files\Git\cmd;C:\Users\kazum\AppData\Local\Microsoft\WindowsApps;C:\Users\kazum\.dotnet\tools;C:\Program Files\JetBrains\IntelliJ IDEA Community Edition 2020.3.2\bin;C:\Program Files\heroku\bin;C:\Users\kazum\AppData\Local\Microsoft\WindowsApps;D:\アプリケーション\Microsoft VS Code\bin
USERNAME=kazum
OS=Windows_NT
PROCESSOR_IDENTIFIER=Intel64 Family 6 Model 158 Stepping 10, GenuineIntel



---------------  S Y S T E M  ---------------

OS:
 Windows 11 , 64 bit Build 22621 (10.0.22621.2070)
OS uptime: 11 days 19:47 hours

CPU: total 12 (initial active 12) (6 cores per cpu, 2 threads per core) family 6 model 158 stepping 10 microcode 0xde, cx8, cmov, fxsr, ht, mmx, 3dnowpref, sse, sse2, sse3, ssse3, sse4.1, sse4.2, popcnt, lzcnt, tsc, tscinvbit, avx, avx2, aes, erms, clmul, bmi1, bmi2, rtm, adx, fma, vzeroupper, clflush, clflushopt

Memory: 4k page, system-wide physical 16303M (1069M free)
TotalPageFile size 26303M (AvailPageFile size 5M)
current process WorkingSet (physical memory assigned to process): 42M, peak: 42M
current process commit charge ("private bytes"): 350M, peak: 350M

vm_info: Java HotSpot(TM) 64-Bit Server VM (17.0.7+8-LTS-224) for windows-amd64 JRE (17.0.7+8-LTS-224), built on Feb 28 2023 23:03:02 by "mach5one" with MS VC++ 17.1 (VS2022)

END.
